<?xml version="1.0" encoding="UTF-8"?>
<!-- Generated by org.testng.reporters.JUnitReportReporter -->
<testsuite hostname="DESKTOP-HSI482M" name="com.training.sanity.tests.RealEstateRETC_048" tests="1" failures="0" timestamp="28 Oct 2019 14:42:10 GMT" time="48.835" errors="0">
  <testcase name="restorePost" time="48.835" classname="com.training.sanity.tests.RealEstateRETC_048"/>
</testsuite> <!-- com.training.sanity.tests.RealEstateRETC_048 -->
