<?xml version="1.0" encoding="UTF-8"?>
<!-- Generated by org.testng.reporters.JUnitReportReporter -->
<testsuite hostname="DESKTOP-HSI482M" name="com.training.sanity.tests.RealEstateRETC_016" tests="1" failures="0" timestamp="28 Oct 2019 14:42:10 GMT" time="46.674" errors="0">
  <testcase name="validLoginTest" time="46.674" classname="com.training.sanity.tests.RealEstateRETC_016"/>
</testsuite> <!-- com.training.sanity.tests.RealEstateRETC_016 -->
