<?xml version="1.0" encoding="UTF-8"?>
<!-- Generated by org.testng.reporters.JUnitReportReporter -->
<testsuite hostname="DESKTOP-HSI482M" name="com.training.sanity.tests.RealEstateRETC_046" tests="2" failures="0" timestamp="28 Oct 2019 14:42:10 GMT" time="153.097" errors="0">
  <testcase name="enterIntoComments" time="42.888" classname="com.training.sanity.tests.RealEstateRETC_046"/>
  <testcase name="enterIntoBlog" time="110.209" classname="com.training.sanity.tests.RealEstateRETC_046"/>
</testsuite> <!-- com.training.sanity.tests.RealEstateRETC_046 -->
