<?xml version="1.0" encoding="UTF-8"?>
<!-- Generated by org.testng.reporters.JUnitReportReporter -->
<testsuite hostname="DESKTOP-HSI482M" name="com.training.sanity.tests.RealEstateRETC_017" tests="1" failures="0" timestamp="28 Oct 2019 14:42:10 GMT" time="76.076" errors="0">
  <testcase name="addNewPost" time="76.076" classname="com.training.sanity.tests.RealEstateRETC_017"/>
</testsuite> <!-- com.training.sanity.tests.RealEstateRETC_017 -->
