<?xml version="1.0" encoding="UTF-8"?>
<!-- Generated by org.testng.reporters.JUnitReportReporter -->
<testsuite hostname="DESKTOP-HSI482M" name="com.training.sanity.tests.RealEstateRETC_047" tests="1" failures="0" timestamp="28 Oct 2019 14:42:10 GMT" time="89.591" errors="0">
  <testcase name="OpsOnproperties" time="89.591" classname="com.training.sanity.tests.RealEstateRETC_047"/>
</testsuite> <!-- com.training.sanity.tests.RealEstateRETC_047 -->
